#
# There is insufficient memory for the Java Runtime Environment to continue.
# Native memory allocation (malloc) failed to allocate 1048576 bytes for AllocateHeap
# Possible reasons:
#   The system is out of physical RAM or swap space
#   The process is running with CompressedOops enabled, and the Java Heap may be blocking the growth of the native heap
# Possible solutions:
#   Reduce memory load on the system
#   Increase physical memory or swap space
#   Check if swap backing store is full
#   Decrease Java heap size (-Xmx/-Xms)
#   Decrease number of Java threads
#   Decrease Java thread stack sizes (-Xss)
#   Set larger code cache with -XX:ReservedCodeCacheSize=
#   JVM is running with Unscaled Compressed Oops mode in which the Java heap is
#     placed in the first 4GB address space. The Java Heap base address is the
#     maximum limit for the native heap growth. Please use -XX:HeapBaseMinAddress
#     to set the Java Heap base and to place the Java Heap above 4GB virtual address.
# This output file may be truncated or incomplete.
#
#  Out of Memory Error (t:/workspace/open/src/hotspot/share/memory/allocation.cpp:45), pid=15860, tid=15424
#
# JRE version:  (13.0.2+8) (build )
# Java VM: Java HotSpot(TM) 64-Bit Server VM (13.0.2+8, mixed mode, aot, sharing, tiered, compressed oops, g1 gc, windows-amd64)
# No core dump will be written. Minidumps are not enabled by default on client versions of Windows
#

---------------  S U M M A R Y ------------

Command Line: -Dfile.encoding=Cp1251 Week

Host: Intel(R) Core(TM) i3-2350M CPU @ 2.30GHz, 4 cores, 3G,  Windows 10 , 64 bit Build 18362 (10.0.18362.778)
Time: Sat Apr 18 16:22:11 2020 Oeieyiaey (eaoi) elapsed time: 0 seconds (0d 0h 0m 0s)

---------------  T H R E A D  ---------------

Current thread (0x00000167656f2000):  JavaThread "Unknown thread" [_thread_in_vm, id=15424, stack(0x00000014d3d00000,0x00000014d3e00000)]

Stack: [0x00000014d3d00000,0x00000014d3e00000]
Native frames: (J=compiled Java code, j=interpreted, Vv=VM code, C=native code)
V  [jvm.dll+0x624f9a]
V  [jvm.dll+0x770cfa]
V  [jvm.dll+0x7724af]
V  [jvm.dll+0x772ab3]
V  [jvm.dll+0x24bf08]
V  [jvm.dll+0xb8d8f]
V  [jvm.dll+0x2e110d]
V  [jvm.dll+0x74dd68]
V  [jvm.dll+0x361989]
V  [jvm.dll+0x730e65]
V  [jvm.dll+0x3cc53f]
V  [jvm.dll+0x3ce861]
C  [jli.dll+0x51ff]
C  [ucrtbase.dll+0x20e72]
C  [KERNEL32.DLL+0x17bd4]
C  [ntdll.dll+0x6ce51]


---------------  P R O C E S S  ---------------

Threads class SMR info:
_java_thread_list=0x00007ffd24f1ccb8, length=0, elements={
}

Java Threads: ( => current thread )

Other Threads:

[error occurred during error reporting (printing all threads), id 0xc0000005, EXCEPTION_ACCESS_VIOLATION (0xc0000005) at pc=0x00007ffd24b95eb7]

VM state:not at safepoint (not fully initialized)

VM Mutex/Monitor currently owned by a thread: None


[error occurred during error reporting (printing compressed oops mode), id 0xc0000005, EXCEPTION_ACCESS_VIOLATION (0xc0000005) at pc=0x00007ffd24682227]

GC Heap History (0 events):
No events

Deoptimization events (0 events):
No events

Classes unloaded (0 events):
No events

Classes redefined (0 events):
No events

Internal exceptions (0 events):
No events

Events (8 events):
Event: 0.011 Loaded shared library C:\Program Files\Java\jdk-13.0.2\bin\zip.dll
Event: 0.011 Loaded shared library C:\Program Files\Java\jdk-13.0.2\bin\jimage.dll
Event: 0.013 Loading shared library C:\Program Files\Java\jdk-13.0.2\lib\libjava.base-coop.dll failed, error code 126
Event: 0.014 Loading shared library C:\Program Files\Java\jdk-13.0.2\lib\libjava.logging-coop.dll failed, error code 126
Event: 0.014 Loading shared library C:\Program Files\Java\jdk-13.0.2\lib\libjdk.compiler-coop.dll failed, error code 126
Event: 0.014 Loading shared library C:\Program Files\Java\jdk-13.0.2\lib\libjdk.scripting.nashorn-coop.dll failed, error code 126
Event: 0.014 Loading shared library C:\Program Files\Java\jdk-13.0.2\lib\libjdk.internal.vm.ci-coop.dll failed, error code 126
Event: 0.014 Loading shared library C:\Program Files\Java\jdk-13.0.2\lib\libjdk.internal.vm.compiler-coop.dll failed, error code 126


Dynamic libraries:
0x00007ff7963c0000 - 0x00007ff7963cf000 	C:\Program Files\Java\jdk-13.0.2\bin\javaw.exe
0x00007ffd60f60000 - 0x00007ffd61150000 	C:\WINDOWS\SYSTEM32\ntdll.dll
0x00007ffd5f090000 - 0x00007ffd5f142000 	C:\WINDOWS\System32\KERNEL32.DLL
0x00007ffd5ece0000 - 0x00007ffd5ef83000 	C:\WINDOWS\System32\KERNELBASE.dll
0x00007ffd5e240000 - 0x00007ffd5e33a000 	C:\WINDOWS\System32\ucrtbase.dll
0x00007ffd55ce0000 - 0x00007ffd55cf5000 	C:\Program Files\Java\jdk-13.0.2\bin\VCRUNTIME140.dll
0x00007ffd55cc0000 - 0x00007ffd55cd8000 	C:\Program Files\Java\jdk-13.0.2\bin\jli.dll
0x00007ffd60180000 - 0x00007ffd60223000 	C:\WINDOWS\System32\ADVAPI32.dll
0x00007ffd60d90000 - 0x00007ffd60e2e000 	C:\WINDOWS\System32\msvcrt.dll
0x00007ffd5f2d0000 - 0x00007ffd5f367000 	C:\WINDOWS\System32\sechost.dll
0x00007ffd5f7b0000 - 0x00007ffd5f8d0000 	C:\WINDOWS\System32\RPCRT4.dll
0x00007ffd602e0000 - 0x00007ffd60474000 	C:\WINDOWS\System32\USER32.dll
0x00007ffd5e3c0000 - 0x00007ffd5e3e1000 	C:\WINDOWS\System32\win32u.dll
0x00007ffd5f370000 - 0x00007ffd5f396000 	C:\WINDOWS\System32\GDI32.dll
0x00007ffd507b0000 - 0x00007ffd50a35000 	C:\WINDOWS\WinSxS\amd64_microsoft.windows.common-controls_6595b64144ccf1df_6.0.18362.778_none_e6c6b761130d4fb8\COMCTL32.dll
0x00007ffd5def0000 - 0x00007ffd5e084000 	C:\WINDOWS\System32\gdi32full.dll
0x00007ffd5f470000 - 0x00007ffd5f7a6000 	C:\WINDOWS\System32\combase.dll
0x00007ffd5e4c0000 - 0x00007ffd5e55e000 	C:\WINDOWS\System32\msvcp_win.dll
0x00007ffd5ef90000 - 0x00007ffd5f010000 	C:\WINDOWS\System32\bcryptPrimitives.dll
0x00007ffd5dcd0000 - 0x00007ffd5dcda000 	C:\WINDOWS\SYSTEM32\VERSION.dll
0x00007ffd5ff80000 - 0x00007ffd5ffae000 	C:\WINDOWS\System32\IMM32.DLL
0x00007ffd5dce0000 - 0x00007ffd5dd10000 	C:\Windows\system32\DriverStore\FileRepository\nvsmwu.inf_amd64_40e2f893a8ddfad8\nvinitx.dll
0x00007ffd60490000 - 0x00007ffd60b75000 	C:\WINDOWS\System32\Shell32.dll
0x00007ffd5e370000 - 0x00007ffd5e3ba000 	C:\WINDOWS\System32\cfgmgr32.dll
0x00007ffd60230000 - 0x00007ffd602d9000 	C:\WINDOWS\System32\shcore.dll
0x00007ffd5e560000 - 0x00007ffd5ece0000 	C:\WINDOWS\System32\windows.storage.dll
0x00007ffd5de70000 - 0x00007ffd5de93000 	C:\WINDOWS\System32\profapi.dll
0x00007ffd5dea0000 - 0x00007ffd5deea000 	C:\WINDOWS\System32\powrprof.dll
0x00007ffd5de20000 - 0x00007ffd5de30000 	C:\WINDOWS\System32\UMPDC.dll
0x00007ffd60b80000 - 0x00007ffd60bd2000 	C:\WINDOWS\System32\shlwapi.dll
0x00007ffd5de50000 - 0x00007ffd5de61000 	C:\WINDOWS\System32\kernel.appcore.dll
0x00007ffd5e4a0000 - 0x00007ffd5e4b7000 	C:\WINDOWS\System32\cryptsp.dll
0x00000000552f0000 - 0x00000000552f6000 	C:\Program Files\NVIDIA Corporation\CoProcManager\_etoured.dll
0x00007ffd5b870000 - 0x00007ffd5b8ab000 	C:\Program Files\NVIDIA Corporation\CoProcManager\nvd3d9wrapx.dll
0x00007ffd5fa10000 - 0x00007ffd5fe80000 	C:\WINDOWS\System32\SETUPAPI.dll
0x00007ffd5e340000 - 0x00007ffd5e366000 	C:\WINDOWS\System32\bcrypt.dll
0x00007ffd5ca50000 - 0x00007ffd5ca70000 	C:\WINDOWS\SYSTEM32\dxcore.dll
0x00007ffd5b810000 - 0x00007ffd5b834000 	C:\Program Files\NVIDIA Corporation\CoProcManager\nvdxgiwrapx.dll
0x00007ffd4a0c0000 - 0x00007ffd4a15b000 	C:\Program Files\Java\jdk-13.0.2\bin\msvcp140.dll
0x00007ffd24460000 - 0x00007ffd24fbd000 	C:\Program Files\Java\jdk-13.0.2\bin\server\jvm.dll
0x00007ffd5f010000 - 0x00007ffd5f018000 	C:\WINDOWS\System32\PSAPI.DLL
0x00007ffd5a960000 - 0x00007ffd5a969000 	C:\WINDOWS\SYSTEM32\WSOCK32.dll
0x00007ffd55d90000 - 0x00007ffd55db4000 	C:\WINDOWS\SYSTEM32\WINMM.dll
0x00007ffd60110000 - 0x00007ffd6017f000 	C:\WINDOWS\System32\WS2_32.dll
0x00007ffd55b50000 - 0x00007ffd55b7d000 	C:\WINDOWS\SYSTEM32\winmmbase.dll
0x00007ffd5a8f0000 - 0x00007ffd5a900000 	C:\Program Files\Java\jdk-13.0.2\bin\verify.dll
0x00007ffd55e90000 - 0x00007ffd56084000 	C:\WINDOWS\SYSTEM32\DBGHELP.DLL
0x00007ffd55e60000 - 0x00007ffd55e8a000 	C:\WINDOWS\SYSTEM32\dbgcore.DLL
0x00007ffd55690000 - 0x00007ffd556b6000 	C:\Program Files\Java\jdk-13.0.2\bin\java.dll
0x00007ffd576f0000 - 0x00007ffd57707000 	C:\Program Files\Java\jdk-13.0.2\bin\zip.dll
0x00007ffd5a8e0000 - 0x00007ffd5a8ea000 	C:\Program Files\Java\jdk-13.0.2\bin\jimage.dll

dbghelp: loaded successfully - version: 4.0.5 - missing functions: none
symbol engine: initialized successfully - sym options: 0x614 - pdb path: .;C:\Program Files\Java\jdk-13.0.2\bin;C:\WINDOWS\SYSTEM32;C:\WINDOWS\WinSxS\amd64_microsoft.windows.common-controls_6595b64144ccf1df_6.0.18362.778_none_e6c6b761130d4fb8;C:\Windows\system32\DriverStore\FileRepository\nvsmwu.inf_amd64_40e2f893a8ddfad8;C:\Program Files\NVIDIA Corporation\CoProcManager;C:\Program Files\Java\jdk-13.0.2\bin\server

VM Arguments:
jvm_args: -Dfile.encoding=Cp1251 
java_command: Week
java_class_path (initial): D:\Roman\Eclipse\Day_of_week\bin
Launcher Type: SUN_STANDARD

[Global flags]
     intx CICompilerCount                          = 3                                         {product} {ergonomic}
     uint G1ConcRefinementThreads                  = 4                                         {product} {ergonomic}
   size_t G1HeapRegionSize                         = 1048576                                   {product} {ergonomic}
    uintx GCDrainStackTargetSize                   = 64                                        {product} {ergonomic}
   size_t InitialHeapSize                          = 67108864                                  {product} {ergonomic}
   size_t MaxHeapSize                              = 1052770304                                {product} {ergonomic}
   size_t MinHeapDeltaBytes                        = 1048576                                   {product} {ergonomic}
   size_t MinHeapSize                              = 8388608                                   {product} {ergonomic}
    uintx NonNMethodCodeHeapSize                   = 5832780                                {pd product} {ergonomic}
    uintx NonProfiledCodeHeapSize                  = 122912730                              {pd product} {ergonomic}
    uintx ProfiledCodeHeapSize                     = 122912730                              {pd product} {ergonomic}
    uintx ReservedCodeCacheSize                    = 251658240                              {pd product} {ergonomic}
     bool SegmentedCodeCache                       = true                                      {product} {ergonomic}
   size_t SoftMaxHeapSize                          = 1052770304                             {manageable} {ergonomic}
     bool UseCompressedClassPointers               = true                                 {lp64_product} {ergonomic}
     bool UseCompressedOops                        = true                                 {lp64_product} {ergonomic}
     bool UseG1GC                                  = true                                      {product} {ergonomic}
     bool UseLargePagesIndividualAllocation        = false                                  {pd product} {ergonomic}

Logging:
Log output configuration:
 #0: stdout all=warning uptime,level,tags
 #1: stderr all=off uptime,level,tags

Environment Variables:
CLASSPATH=.;
PATH=C:/Program Files/Java/jdk-13.0.2/bin/server;C:/Program Files/Java/jdk-13.0.2/bin;C:\WINDOWS\system32;C:\WINDOWS;C:\WINDOWS\System32\Wbem;C:\WINDOWS\System32\WindowsPowerShell\v1.0\;C:\WINDOWS\System32\OpenSSH\;C:\Program Files\Java\jdk-13.0.2\bin;C:\Users\suvor\AppData\Local\Microsoft\WindowsApps;;C:\Users\suvor\Desktop;
USERNAME=suvor
OS=Windows_NT
PROCESSOR_IDENTIFIER=Intel64 Family 6 Model 42 Stepping 7, GenuineIntel



---------------  S Y S T E M  ---------------

OS: Windows 10 , 64 bit Build 18362 (10.0.18362.778)

CPU:total 4 (initial active 4) (2 cores per cpu, 2 threads per core) family 6 model 42 stepping 7, cmov, cx8, fxsr, mmx, sse, sse2, sse3, ssse3, sse4.1, sse4.2, popcnt, avx, clmul, ht, tsc, tscinvbit

Memory: 4k page, system-wide physical 4009M (987M free)
TotalPageFile size 14118M (AvailPageFile size 5M)
current process WorkingSet (physical memory assigned to process): 12M, peak: 12M
current process commit charge ("private bytes"): 14M, peak: 15M

vm_info: Java HotSpot(TM) 64-Bit Server VM (13.0.2+8) for windows-amd64 JRE (13.0.2+8), built on Dec 11 2019 09:20:33 by "mach5one" with unknown MS VC++:1916

END.
